<?xml version="1.0" encoding="UTF-8"?>
<!-- Generated by org.testng.reporters.JUnitReportReporter -->
<testsuite hostname="DESKTOP-44DNH9H" failures="0" tests="1" name="Edvora.Assignment.TC019" time="1.400" errors="0" timestamp="2022-07-26T22:56:33 IST" skipped="0">
  <testcase classname="Edvora.Assignment.TC019" name="Testcase19" time="1.400"/>
  <system-out/>
</testsuite> <!-- Edvora.Assignment.TC019 -->
