<?xml version="1.0" encoding="UTF-8"?>
<!-- Generated by org.testng.reporters.JUnitReportReporter -->
<testsuite hostname="DESKTOP-44DNH9H" failures="0" tests="1" name="Edvora.Assignment.TC018" time="1.557" errors="0" timestamp="2022-07-26T22:53:32 IST" skipped="0">
  <testcase classname="Edvora.Assignment.TC018" name="Testcase18" time="1.557"/>
  <system-out/>
</testsuite> <!-- Edvora.Assignment.TC018 -->
