<?xml version="1.0" encoding="UTF-8"?>
<!-- Generated by org.testng.reporters.JUnitReportReporter -->
<testsuite hostname="DESKTOP-44DNH9H" failures="0" tests="1" name="Edvora.Assignment.TC013" time="2.065" errors="0" timestamp="2022-07-26T23:17:55 IST" skipped="0">
  <testcase classname="Edvora.Assignment.TC013" name="Testcase13" time="2.065"/>
  <system-out/>
</testsuite> <!-- Edvora.Assignment.TC013 -->
