<?xml version="1.0" encoding="UTF-8"?>
<!-- Generated by org.testng.reporters.JUnitReportReporter -->
<testsuite hostname="DESKTOP-44DNH9H" failures="0" tests="1" name="Edvora.Assignment.TC017" time="1.427" errors="0" timestamp="2022-07-26T22:47:43 IST" skipped="0">
  <testcase classname="Edvora.Assignment.TC017" name="Testcase17" time="1.427"/>
  <system-out/>
</testsuite> <!-- Edvora.Assignment.TC017 -->
