<?xml version="1.0" encoding="UTF-8"?>
<!-- Generated by org.testng.reporters.JUnitReportReporter -->
<testsuite hostname="DESKTOP-44DNH9H" failures="0" tests="1" name="Edvora.Assignment.TC005" time="600.975" errors="0" timestamp="2022-07-26T22:12:41 IST" skipped="0">
  <testcase classname="Edvora.Assignment.TC005" name="Testcase05" time="600.975"/>
  <system-out/>
</testsuite> <!-- Edvora.Assignment.TC005 -->
